DEBUG 2022-12-11 11:58:18,564 wrapper.py Вызвана функция arg_parser с аргументами () {}
INFO 2022-12-11 11:58:23,606 client.py Запущен клиент с параметрами: адрес сервера: 127.0.0.1, порт: 8888, имя пользователя: Sam
INFO 2022-12-11 11:58:23,755 transport.py Попытка подключения № 1
INFO 2022-12-11 11:58:24,756 transport.py Попытка подключения № 2
INFO 2022-12-11 11:58:25,756 transport.py Попытка подключения № 3
INFO 2022-12-11 11:58:26,758 transport.py Попытка подключения № 4
INFO 2022-12-11 11:58:27,759 transport.py Попытка подключения № 5
CRITICAL 2022-12-11 11:58:28,760 transport.py Не удалось установить соединение с сервером
DEBUG 2022-12-11 11:59:33,606 wrapper.py Вызвана функция arg_parser с аргументами () {}
INFO 2022-12-11 11:59:40,829 client.py Запущен клиент с параметрами: адрес сервера: 127.0.0.1, порт: 8888, имя пользователя: Sergey
INFO 2022-12-11 11:59:40,872 transport.py Попытка подключения № 1
INFO 2022-12-11 11:59:41,873 transport.py Попытка подключения № 2
INFO 2022-12-11 11:59:42,874 transport.py Попытка подключения № 3
INFO 2022-12-11 11:59:43,875 transport.py Попытка подключения № 4
INFO 2022-12-11 11:59:44,877 transport.py Попытка подключения № 5
CRITICAL 2022-12-11 11:59:45,878 transport.py Не удалось установить соединение с сервером
DEBUG 2022-12-11 12:18:45,730 wrapper.py Вызвана функция main с аргументами () {}
DEBUG 2022-12-11 12:18:45,731 wrapper.py Вызвана функция config_load с аргументами () {}
DEBUG 2022-12-11 12:18:45,732 wrapper.py Вызвана функция arg_parser с аргументами ('8888', '') {}
DEBUG 2022-12-11 12:18:45,732 server.py Инициализация парсера командной строки: ['/Users/mac/PycharmProjects/async_chat_new/server.py']
DEBUG 2022-12-11 12:18:45,734 server.py Аргументы загружены
DEBUG 2022-12-11 12:19:55,366 wrapper.py Вызвана функция main с аргументами () {}
DEBUG 2022-12-11 12:19:55,366 wrapper.py Вызвана функция config_load с аргументами () {}
DEBUG 2022-12-11 12:19:55,367 wrapper.py Вызвана функция arg_parser с аргументами ('8888', '') {}
DEBUG 2022-12-11 12:19:55,367 server.py Инициализация парсера командной строки: ['/Users/mac/PycharmProjects/async_chat_new/server.py']
DEBUG 2022-12-11 12:19:55,370 server.py Аргументы загружены
DEBUG 2022-12-11 12:20:29,777 wrapper.py Вызвана функция main с аргументами () {}
DEBUG 2022-12-11 12:20:29,778 wrapper.py Вызвана функция config_load с аргументами () {}
DEBUG 2022-12-11 12:20:29,779 wrapper.py Вызвана функция arg_parser с аргументами ('8888', '') {}
DEBUG 2022-12-11 12:20:29,779 server.py Инициализация парсера командной строки: ['/Users/mac/PycharmProjects/async_chat_new/server.py']
DEBUG 2022-12-11 12:20:29,783 server.py Аргументы загружены
DEBUG 2022-12-11 12:23:16,172 wrapper.py Вызвана функция main с аргументами () {}
DEBUG 2022-12-11 12:23:16,172 wrapper.py Вызвана функция config_load с аргументами () {}
DEBUG 2022-12-11 12:23:16,173 wrapper.py Вызвана функция arg_parser с аргументами ('8888', '') {}
DEBUG 2022-12-11 12:23:16,173 server.py Инициализация парсера командной строки: ['/Users/mac/PycharmProjects/async_chat_new/server.py']
DEBUG 2022-12-11 12:23:16,176 server.py Аргументы загружены
DEBUG 2022-12-11 12:23:34,964 wrapper.py Вызвана функция main с аргументами () {}
DEBUG 2022-12-11 12:23:34,964 wrapper.py Вызвана функция config_load с аргументами () {}
DEBUG 2022-12-11 12:23:34,965 wrapper.py Вызвана функция arg_parser с аргументами ('8888', '') {}
DEBUG 2022-12-11 12:23:34,965 server.py Инициализация парсера командной строки: ['/Users/mac/PycharmProjects/async_chat_new/server.py']
DEBUG 2022-12-11 12:23:34,968 server.py Аргументы загружены
DEBUG 2022-12-11 12:24:21,475 wrapper.py Вызвана функция main с аргументами () {}
DEBUG 2022-12-11 12:24:21,475 wrapper.py Вызвана функция config_load с аргументами () {}
DEBUG 2022-12-11 12:24:21,475 wrapper.py Вызвана функция arg_parser с аргументами ('8888', '') {}
DEBUG 2022-12-11 12:24:21,476 server.py Инициализация парсера командной строки: ['/Users/mac/PycharmProjects/async_chat_new/server.py']
DEBUG 2022-12-11 12:24:21,478 server.py Аргументы загружены
DEBUG 2022-12-11 12:24:37,828 wrapper.py Вызвана функция main с аргументами () {}
DEBUG 2022-12-11 12:24:37,828 wrapper.py Вызвана функция config_load с аргументами () {}
DEBUG 2022-12-11 12:24:37,829 wrapper.py Вызвана функция arg_parser с аргументами ('8888', '') {}
DEBUG 2022-12-11 12:24:37,829 server.py Инициализация парсера командной строки: ['/Users/mac/PycharmProjects/async_chat_new/server.py']
DEBUG 2022-12-11 12:24:37,831 server.py Аргументы загружены
DEBUG 2022-12-11 12:25:46,310 wrapper.py Вызвана функция main с аргументами () {}
DEBUG 2022-12-11 12:25:46,310 wrapper.py Вызвана функция config_load с аргументами () {}
DEBUG 2022-12-11 12:25:46,310 wrapper.py Вызвана функция arg_parser с аргументами ('8888', '') {}
DEBUG 2022-12-11 12:25:46,311 server.py Инициализация парсера командной строки: ['/Users/mac/PycharmProjects/async_chat_new/server.py']
DEBUG 2022-12-11 12:25:46,314 server.py Аргументы загружены
DEBUG 2022-12-11 12:26:48,257 wrapper.py Вызвана функция main с аргументами () {}
DEBUG 2022-12-11 12:26:48,257 wrapper.py Вызвана функция config_load с аргументами () {}
DEBUG 2022-12-11 12:26:48,258 wrapper.py Вызвана функция arg_parser с аргументами ('8888', '') {}
DEBUG 2022-12-11 12:26:48,258 server.py Инициализация парсера командной строки: ['/Users/mac/PycharmProjects/async_chat_new/server.py']
DEBUG 2022-12-11 12:26:48,261 server.py Аргументы загружены
DEBUG 2022-12-11 12:29:39,228 wrapper.py Вызвана функция main с аргументами () {}
DEBUG 2022-12-11 12:29:39,229 wrapper.py Вызвана функция config_load с аргументами () {}
DEBUG 2022-12-11 12:29:39,230 wrapper.py Вызвана функция arg_parser с аргументами ('8888', '') {}
DEBUG 2022-12-11 12:29:39,230 server.py Инициализация парсера командной строки: ['/Users/mac/PycharmProjects/async_chat_new/server.py']
DEBUG 2022-12-11 12:29:39,232 server.py Аргументы загружены
DEBUG 2022-12-11 12:30:49,038 wrapper.py Вызвана функция main с аргументами () {}
DEBUG 2022-12-11 12:30:49,039 wrapper.py Вызвана функция config_load с аргументами () {}
DEBUG 2022-12-11 12:30:49,039 wrapper.py Вызвана функция arg_parser с аргументами ('8888', '') {}
DEBUG 2022-12-11 12:30:49,039 server.py Инициализация парсера командной строки: ['/Users/mac/PycharmProjects/async_chat_new/server.py']
DEBUG 2022-12-11 12:30:49,041 server.py Аргументы загружены
DEBUG 2022-12-11 12:32:25,259 wrapper.py Вызвана функция main с аргументами () {}
DEBUG 2022-12-11 12:32:25,259 wrapper.py Вызвана функция config_load с аргументами () {}
DEBUG 2022-12-11 12:32:25,260 wrapper.py Вызвана функция arg_parser с аргументами ('8888', '') {}
DEBUG 2022-12-11 12:32:25,260 server.py Инициализация парсера командной строки: ['/Users/mac/PycharmProjects/async_chat_new/server.py']
DEBUG 2022-12-11 12:32:25,263 server.py Аргументы загружены
DEBUG 2022-12-11 12:34:16,287 wrapper.py Вызвана функция main с аргументами () {}
DEBUG 2022-12-11 12:34:16,288 wrapper.py Вызвана функция config_load с аргументами () {}
DEBUG 2022-12-11 12:34:16,288 wrapper.py Вызвана функция arg_parser с аргументами ('8888', '') {}
DEBUG 2022-12-11 12:34:16,289 server.py Инициализация парсера командной строки: ['/Users/mac/PycharmProjects/async_chat_new/server.py']
DEBUG 2022-12-11 12:34:16,291 server.py Аргументы загружены
DEBUG 2022-12-11 12:36:56,146 wrapper.py Вызвана функция main с аргументами () {}
DEBUG 2022-12-11 12:36:56,146 wrapper.py Вызвана функция config_load с аргументами () {}
DEBUG 2022-12-11 12:36:56,147 wrapper.py Вызвана функция arg_parser с аргументами ('8888', '') {}
DEBUG 2022-12-11 12:36:56,147 server.py Инициализация парсера командной строки: ['/Users/mac/PycharmProjects/async_chat_new/server.py']
DEBUG 2022-12-11 12:36:56,149 server.py Аргументы загружены
DEBUG 2022-12-11 12:37:24,110 wrapper.py Вызвана функция main с аргументами () {}
DEBUG 2022-12-11 12:37:24,110 wrapper.py Вызвана функция config_load с аргументами () {}
DEBUG 2022-12-11 12:37:24,111 wrapper.py Вызвана функция arg_parser с аргументами ('8888', '') {}
DEBUG 2022-12-11 12:37:24,111 server.py Инициализация парсера командной строки: ['/Users/mac/PycharmProjects/async_chat_new/server.py']
DEBUG 2022-12-11 12:37:24,114 server.py Аргументы загружены
DEBUG 2022-12-11 12:40:20,338 wrapper.py Вызвана функция main с аргументами () {}
DEBUG 2022-12-11 12:40:20,338 wrapper.py Вызвана функция config_load с аргументами () {}
DEBUG 2022-12-11 12:40:20,339 wrapper.py Вызвана функция arg_parser с аргументами ('8888', '') {}
DEBUG 2022-12-11 12:40:20,339 server.py Инициализация парсера командной строки: ['/Users/mac/PycharmProjects/async_chat_new/server.py']
DEBUG 2022-12-11 12:40:20,341 server.py Аргументы загружены
INFO 2022-12-11 12:40:20,391 core.py Запущен сервер. Порт для подключений: 8888 , адрес с которого принимаются подключения: . Если адрес не указан, принимаются соединения с любых адресов
INFO 2022-12-11 12:41:12,156 core.py Установлено соединение с ('127.0.0.1', 49757)
DEBUG 2022-12-11 12:48:05,493 wrapper.py Вызвана функция main с аргументами () {}
DEBUG 2022-12-11 12:48:05,494 wrapper.py Вызвана функция config_load с аргументами () {}
DEBUG 2022-12-11 12:48:05,495 wrapper.py Вызвана функция arg_parser с аргументами ('7777', '') {}
DEBUG 2022-12-11 12:48:05,495 server.py Инициализация парсера командной строки: ['/Users/mac/PycharmProjects/async_chat_new/server.py']
DEBUG 2022-12-11 12:48:05,497 server.py Аргументы загружены
INFO 2022-12-11 12:48:05,536 core.py Запущен сервер. Порт для подключений: 7777 , адрес с которого принимаются подключения: . Если адрес не указан, принимаются соединения с любых адресов
INFO 2022-12-11 12:48:37,131 core.py Установлено соединение с ('127.0.0.1', 49759)
DEBUG 2022-12-11 12:52:03,011 wrapper.py Вызвана функция main с аргументами () {}
DEBUG 2022-12-11 12:52:03,012 wrapper.py Вызвана функция config_load с аргументами () {}
DEBUG 2022-12-11 12:52:03,013 wrapper.py Вызвана функция arg_parser с аргументами ('7777', '') {}
DEBUG 2022-12-11 12:52:03,013 server.py Инициализация парсера командной строки: ['/Users/mac/PycharmProjects/async_chat_new/server.py']
DEBUG 2022-12-11 12:52:03,018 server.py Аргументы загружены
INFO 2022-12-11 12:52:03,077 core.py Запущен сервер. Порт для подключений: 7777 , адрес с которого принимаются подключения: . Если адрес не указан, принимаются соединения с любых адресов
INFO 2022-12-11 12:52:12,943 core.py Установлено соединение с ('127.0.0.1', 49760)
